<?xml version="1.0" encoding="UTF-8"?>
<testsuite name="generics.Max_Number_Test" tests="1" skipped="0" failures="0" errors="0" timestamp="2021-04-11T17:48:52" hostname="MRUNAL" time="0.032">
  <properties/>
  <testcase name="givenThreeInput_WhenProperfirst_Number_ReturnTrue()" classname="generics.Max_Number_Test" time="0.032"/>
  <system-out><![CDATA[]]></system-out>
  <system-err><![CDATA[]]></system-err>
</testsuite>
