<?xml version="1.0" encoding="UTF-8"?>
<testsuite name="generics.Max_Number_Test" tests="2" skipped="0" failures="0" errors="0" timestamp="2021-04-11T17:56:20" hostname="MRUNAL" time="0.035">
  <properties/>
  <testcase name="givenThreeInput_WhenProper_first_Number_ReturnTrue()" classname="generics.Max_Number_Test" time="0.032"/>
  <testcase name="givenThreeInput_WhenProper_second_Number_ReturnTrue()" classname="generics.Max_Number_Test" time="0.001"/>
  <system-out><![CDATA[]]></system-out>
  <system-err><![CDATA[]]></system-err>
</testsuite>
